app/build/intermediates/manifest_merge_blame_file/release/manifest-merger-blame-release-report.txt
1<?xml version="1.0" encoding="utf-8"?>
2<manifest xmlns:android="http://schemas.android.com/apk/res/android"
3    package="com.varagifoods.customer"
4    android:versionCode="2"
5    android:versionName="1.0.2" >
6
7    <uses-sdk
7-->src\main\AndroidManifest.xml:25:5-26:107
8        android:minSdkVersion="21"
8-->src\main\AndroidManifest.xml:25:5-26:107
9        android:targetSdkVersion="30" />
9-->src\main\AndroidManifest.xml:25:5-26:107
10
11    <uses-permission android:name="android.permission.ACCESS_NETWORK_STATE" />
11-->src\main\AndroidManifest.xml:6:5-79
11-->src\main\AndroidManifest.xml:6:22-76
12    <uses-permission android:name="android.permission.CAMERA" />
12-->src\main\AndroidManifest.xml:7:5-65
12-->src\main\AndroidManifest.xml:7:22-62
13    <uses-permission android:name="android.permission.INTERNET" />
13-->src\main\AndroidManifest.xml:8:5-67
13-->src\main\AndroidManifest.xml:8:22-64
14    <!--
15    <uses-permission android:name="android.permission.READ_SMS" />
16    <uses-permission android:name="android.permission.RECEIVE_SMS" />
17    -->
18    <uses-permission android:name="android.permission.ACCESS_WIFI_STATE" />
18-->src\main\AndroidManifest.xml:11:5-76
18-->src\main\AndroidManifest.xml:11:22-73
19    <uses-permission android:name="android.permission.ACCESS_NETWORK_STATE" />
19-->src\main\AndroidManifest.xml:6:5-79
19-->src\main\AndroidManifest.xml:6:22-76
20    <uses-permission android:name="android.permission.READ_EXTERNAL_STORAGE" />
20-->src\main\AndroidManifest.xml:13:5-80
20-->src\main\AndroidManifest.xml:13:22-77
21    <uses-permission android:name="android.permission.WRITE_EXTERNAL_STORAGE" />
21-->src\main\AndroidManifest.xml:14:5-81
21-->src\main\AndroidManifest.xml:14:22-78
22    <uses-permission android:name="android.permission.READ_PHONE_STATE" />
22-->src\main\AndroidManifest.xml:15:5-75
22-->src\main\AndroidManifest.xml:15:22-72
23    <uses-permission android:name="android.permission.SYSTEM_ALERT_WINDOW" />
23-->src\main\AndroidManifest.xml:16:5-78
23-->src\main\AndroidManifest.xml:16:22-75
24    <uses-permission android:name="android.permission.ACCESS_FINE_LOCATION" />
24-->src\main\AndroidManifest.xml:17:5-79
24-->src\main\AndroidManifest.xml:17:22-76
25    <uses-permission android:name="android.permission.ACCESS_COARSE_LOCATION" />
25-->src\main\AndroidManifest.xml:18:5-81
25-->src\main\AndroidManifest.xml:18:22-78
26    <!-- Needed only if your app targets Android 5.0 (API level 21) or higher. -->
27    <uses-feature android:name="android.hardware.location.gps" />
27-->src\main\AndroidManifest.xml:20:5-66
27-->src\main\AndroidManifest.xml:20:19-63
28
29    <uses-permission android:name="android.permission.RECEIVE_BOOT_COMPLETED" />
29-->src\main\AndroidManifest.xml:21:5-81
29-->src\main\AndroidManifest.xml:21:22-78
30    <uses-permission android:name="android.permission.WRITE_SETTINGS" />
30-->src\main\AndroidManifest.xml:22:5-23:47
30-->src\main\AndroidManifest.xml:22:22-70
31
32    <!-- Require below permissions for reading sms and otp assist feature -->
33    <!--
34    <uses-permission android:name="android.permission.READ_SMS" />
35    <uses-permission android:name="android.permission.READ_PHONE_STATE" />
36    -->
37    <uses-feature
37-->[com.payumoney.core:payumoney-sdk:7.6.0] AndroidManifest.xml:24:5-26:36
38        android:name="android.hardware.telephony"
38-->[com.payumoney.core:payumoney-sdk:7.6.0] AndroidManifest.xml:25:9-50
39        android:required="false" /> <!-- Create a unique permission for your app and use it so only your app can receive your OneSignal messages. -->
39-->[com.payumoney.core:payumoney-sdk:7.6.0] AndroidManifest.xml:26:9-33
40    <permission
40-->[com.onesignal:OneSignal:3.9.1] AndroidManifest.xml:8:5-10:47
41        android:name="com.varagifoods.customer.permission.C2D_MESSAGE"
41-->[com.onesignal:OneSignal:3.9.1] AndroidManifest.xml:9:9-63
42        android:protectionLevel="signature" />
42-->[com.onesignal:OneSignal:3.9.1] AndroidManifest.xml:10:9-44
43
44    <uses-permission android:name="com.varagifoods.customer.permission.C2D_MESSAGE" />
44-->[com.onesignal:OneSignal:3.9.1] AndroidManifest.xml:12:5-79
44-->[com.onesignal:OneSignal:3.9.1] AndroidManifest.xml:12:22-76
45    <uses-permission android:name="com.google.android.c2dm.permission.RECEIVE" /> <!-- Required, makes sure notifications are delivered on time. -->
45-->[com.onesignal:OneSignal:3.9.1] AndroidManifest.xml:18:5-82
45-->[com.onesignal:OneSignal:3.9.1] AndroidManifest.xml:18:22-79
46    <uses-permission android:name="android.permission.WAKE_LOCK" />
46-->[com.onesignal:OneSignal:3.9.1] AndroidManifest.xml:19:5-68
46-->[com.onesignal:OneSignal:3.9.1] AndroidManifest.xml:19:22-65
47    <!--
48 Required so the device vibrates on receiving a push notification.
49         Vibration settings of the device still apply.
50    -->
51    <uses-permission android:name="android.permission.VIBRATE" /> <!-- START: ShortcutBadger -->
51-->[com.onesignal:OneSignal:3.9.1] AndroidManifest.xml:24:5-66
51-->[com.onesignal:OneSignal:3.9.1] AndroidManifest.xml:24:22-63
52    <!-- Samsung -->
53    <uses-permission android:name="com.sec.android.provider.badge.permission.READ" />
53-->[com.onesignal:OneSignal:3.9.1] AndroidManifest.xml:32:5-86
53-->[com.onesignal:OneSignal:3.9.1] AndroidManifest.xml:32:22-83
54    <uses-permission android:name="com.sec.android.provider.badge.permission.WRITE" /> <!-- HTC -->
54-->[com.onesignal:OneSignal:3.9.1] AndroidManifest.xml:33:5-87
54-->[com.onesignal:OneSignal:3.9.1] AndroidManifest.xml:33:22-84
55    <uses-permission android:name="com.htc.launcher.permission.READ_SETTINGS" />
55-->[com.onesignal:OneSignal:3.9.1] AndroidManifest.xml:34:5-81
55-->[com.onesignal:OneSignal:3.9.1] AndroidManifest.xml:34:22-78
56    <uses-permission android:name="com.htc.launcher.permission.UPDATE_SHORTCUT" /> <!-- Sony -->
56-->[com.onesignal:OneSignal:3.9.1] AndroidManifest.xml:35:5-83
56-->[com.onesignal:OneSignal:3.9.1] AndroidManifest.xml:35:22-80
57    <uses-permission android:name="com.sonyericsson.home.permission.BROADCAST_BADGE" />
57-->[com.onesignal:OneSignal:3.9.1] AndroidManifest.xml:36:5-88
57-->[com.onesignal:OneSignal:3.9.1] AndroidManifest.xml:36:22-85
58    <uses-permission android:name="com.sonymobile.home.permission.PROVIDER_INSERT_BADGE" /> <!-- Apex -->
58-->[com.onesignal:OneSignal:3.9.1] AndroidManifest.xml:37:5-92
58-->[com.onesignal:OneSignal:3.9.1] AndroidManifest.xml:37:22-89
59    <uses-permission android:name="com.anddoes.launcher.permission.UPDATE_COUNT" /> <!-- Solid -->
59-->[com.onesignal:OneSignal:3.9.1] AndroidManifest.xml:38:5-84
59-->[com.onesignal:OneSignal:3.9.1] AndroidManifest.xml:38:22-81
60    <uses-permission android:name="com.majeur.launcher.permission.UPDATE_BADGE" /> <!-- Huawei -->
60-->[com.onesignal:OneSignal:3.9.1] AndroidManifest.xml:39:5-83
60-->[com.onesignal:OneSignal:3.9.1] AndroidManifest.xml:39:22-80
61    <uses-permission android:name="com.huawei.android.launcher.permission.CHANGE_BADGE" />
61-->[com.onesignal:OneSignal:3.9.1] AndroidManifest.xml:40:5-91
61-->[com.onesignal:OneSignal:3.9.1] AndroidManifest.xml:40:22-88
62    <uses-permission android:name="com.huawei.android.launcher.permission.READ_SETTINGS" />
62-->[com.onesignal:OneSignal:3.9.1] AndroidManifest.xml:41:5-92
62-->[com.onesignal:OneSignal:3.9.1] AndroidManifest.xml:41:22-89
63    <uses-permission android:name="com.huawei.android.launcher.permission.WRITE_SETTINGS" /> <!-- ZUK -->
63-->[com.onesignal:OneSignal:3.9.1] AndroidManifest.xml:42:5-93
63-->[com.onesignal:OneSignal:3.9.1] AndroidManifest.xml:42:22-90
64    <uses-permission android:name="android.permission.READ_APP_BADGE" /> <!-- OPPO -->
64-->[com.onesignal:OneSignal:3.9.1] AndroidManifest.xml:43:5-73
64-->[com.onesignal:OneSignal:3.9.1] AndroidManifest.xml:43:22-70
65    <uses-permission android:name="com.oppo.launcher.permission.READ_SETTINGS" />
65-->[com.onesignal:OneSignal:3.9.1] AndroidManifest.xml:44:5-82
65-->[com.onesignal:OneSignal:3.9.1] AndroidManifest.xml:44:22-79
66    <uses-permission android:name="com.oppo.launcher.permission.WRITE_SETTINGS" /> <!-- EvMe -->
66-->[com.onesignal:OneSignal:3.9.1] AndroidManifest.xml:45:5-83
66-->[com.onesignal:OneSignal:3.9.1] AndroidManifest.xml:45:22-80
67    <uses-permission android:name="me.everything.badger.permission.BADGE_COUNT_READ" />
67-->[com.onesignal:OneSignal:3.9.1] AndroidManifest.xml:46:5-88
67-->[com.onesignal:OneSignal:3.9.1] AndroidManifest.xml:46:22-85
68    <uses-permission android:name="me.everything.badger.permission.BADGE_COUNT_WRITE" />
68-->[com.onesignal:OneSignal:3.9.1] AndroidManifest.xml:47:5-89
68-->[com.onesignal:OneSignal:3.9.1] AndroidManifest.xml:47:22-86
69
70    <uses-feature
70-->[com.google.android.gms:play-services-maps:17.0.0] AndroidManifest.xml:26:5-28:35
71        android:glEsVersion="0x00020000"
71-->[com.google.android.gms:play-services-maps:17.0.0] AndroidManifest.xml:27:9-41
72        android:required="true" />
72-->[com.google.android.gms:play-services-maps:17.0.0] AndroidManifest.xml:28:9-32
73
74    <uses-permission android:name="android.permission.CHANGE_WIFI_STATE" />
74-->[am.appwise.components:NoInternetDialog:1.1.3] AndroidManifest.xml:14:5-76
74-->[am.appwise.components:NoInternetDialog:1.1.3] AndroidManifest.xml:14:22-73
75    <uses-permission android:name="com.google.android.finsky.permission.BIND_GET_INSTALL_REFERRER_SERVICE" />
75-->[com.google.android.gms:play-services-measurement:17.0.0] AndroidManifest.xml:26:5-110
75-->[com.google.android.gms:play-services-measurement:17.0.0] AndroidManifest.xml:26:22-107
76
77    <uses-feature
77-->[io.card:android-sdk:5.5.1] AndroidManifest.xml:12:5-14:36
78        android:name="android.hardware.camera"
78-->[io.card:android-sdk:5.5.1] AndroidManifest.xml:13:9-47
79        android:required="false" />
79-->[io.card:android-sdk:5.5.1] AndroidManifest.xml:14:9-33
80    <uses-feature
80-->[io.card:android-sdk:5.5.1] AndroidManifest.xml:15:5-17:36
81        android:name="android.hardware.camera.autofocus"
81-->[io.card:android-sdk:5.5.1] AndroidManifest.xml:16:9-57
82        android:required="false" />
82-->[io.card:android-sdk:5.5.1] AndroidManifest.xml:17:9-33
83
84    <application
84-->src\main\AndroidManifest.xml:28:5-179:19
85        android:name="com.varagifoods.customer.app.App"
85-->src\main\AndroidManifest.xml:29:9-56
86        android:allowBackup="false"
86-->src\main\AndroidManifest.xml:30:9-36
87        android:appComponentFactory="androidx.core.app.CoreComponentFactory"
87-->[androidx.core:core:1.0.1] AndroidManifest.xml:22:18-86
88        android:fullBackupContent="false"
88-->src\main\AndroidManifest.xml:31:9-42
89        android:hardwareAccelerated="true"
89-->src\main\AndroidManifest.xml:36:9-43
90        android:icon="@mipmap/ic_varagi_logo_final_round"
90-->src\main\AndroidManifest.xml:32:9-58
91        android:label="@string/app_name"
91-->src\main\AndroidManifest.xml:33:9-41
92        android:supportsRtl="true"
92-->src\main\AndroidManifest.xml:34:9-35
93        android:theme="@style/AppTheme"
93-->src\main\AndroidManifest.xml:35:9-40
94        android:usesCleartextTraffic="true"
94-->src\main\AndroidManifest.xml:37:9-44
95        android:windowSoftInputMode="adjustPan" >
95-->[com.payumoney.core:payumoney-sdk:7.6.0] AndroidManifest.xml:30:9-48
96        <meta-data
96-->src\main\AndroidManifest.xml:42:9-44:55
97            android:name="com.facebook.sdk.ApplicationId"
97-->src\main\AndroidManifest.xml:43:13-58
98            android:value="@string/facebook_app_id" />
98-->src\main\AndroidManifest.xml:44:13-52
99        <!--
100            <meta-data
101            android:name="com.google.android.maps.v2.API_KEY"
102            android:value="@string/google_api_app_id" />
103        -->
104
105
106        <!-- Editted by saud. above meta data tag does not works with place picker api. -->
107        <meta-data
107-->src\main\AndroidManifest.xml:50:9-52:56
108            android:name="com.google.android.geo.API_KEY"
108-->src\main\AndroidManifest.xml:51:13-58
109            android:value="@string/google_api_app_id" />
109-->src\main\AndroidManifest.xml:52:13-54
110        <!-- Editted by saud -->
111
112        <meta-data
112-->src\main\AndroidManifest.xml:55:9-57:52
113            android:name="com.google.firebase.messaging.default_notification_icon"
113-->src\main\AndroidManifest.xml:56:13-83
114            android:resource="@drawable/ic_logo" />
114-->src\main\AndroidManifest.xml:57:13-49
115        <!--
116            <meta-data
117            android:name="com.google.android.gms.ads.APPLICATION_ID"
118            android:value="@string/addmob_AppID" />
119        -->
120        <meta-data
120-->src\main\AndroidManifest.xml:61:9-63:58
121            android:name="instamojo.orderauth.url"
121-->src\main\AndroidManifest.xml:62:13-51
122            android:value="@string/instamojo_file_url" />
122-->src\main\AndroidManifest.xml:63:13-55
123
124        <!-- Razor Pay API_KEY -->
125        <!--
126            <meta-data
127            android:name="com.razorpay.ApiKey"
128            android:value="@string/razor_api_key"
129            />
130        -->
131
132        <provider
133            android:name="androidx.core.content.FileProvider"
133-->src\main\AndroidManifest.xml:73:13-62
134            android:authorities="com.varagifoods.customer.provider"
134-->src\main\AndroidManifest.xml:74:13-60
135            android:exported="false"
135-->src\main\AndroidManifest.xml:75:13-37
136            android:grantUriPermissions="true" >
136-->src\main\AndroidManifest.xml:76:13-47
137            <meta-data
137-->src\main\AndroidManifest.xml:77:13-79:58
138                android:name="android.support.FILE_PROVIDER_PATHS"
138-->src\main\AndroidManifest.xml:78:17-67
139                android:resource="@xml/provider_paths" />
139-->src\main\AndroidManifest.xml:79:17-55
140        </provider>
141
142        <activity
142-->src\main\AndroidManifest.xml:83:9-95:20
143            android:name="com.varagifoods.customer.activities.SplashScreen"
143-->src\main\AndroidManifest.xml:84:13-76
144            android:exported="true"
144-->src\main\AndroidManifest.xml:85:13-36
145            android:launchMode="singleTask"
145-->src\main\AndroidManifest.xml:86:13-44
146            android:screenOrientation="portrait"
146-->src\main\AndroidManifest.xml:87:13-49
147            android:theme="@style/MySplashScreen" >
147-->src\main\AndroidManifest.xml:89:13-50
148            <intent-filter>
148-->src\main\AndroidManifest.xml:91:13-94:29
149                <action android:name="android.intent.action.MAIN" />
149-->src\main\AndroidManifest.xml:92:17-69
149-->src\main\AndroidManifest.xml:92:25-66
150
151                <category android:name="android.intent.category.LAUNCHER" />
151-->src\main\AndroidManifest.xml:93:17-77
151-->src\main\AndroidManifest.xml:93:27-74
152            </intent-filter>
153        </activity>
154        <activity android:name="com.varagifoods.customer.activities.IntroScreen" />
154-->src\main\AndroidManifest.xml:97:9-84
154-->src\main\AndroidManifest.xml:97:19-81
155        <activity
155-->src\main\AndroidManifest.xml:99:9-113:20
156            android:name="com.varagifoods.customer.activities.MainActivity"
156-->src\main\AndroidManifest.xml:100:13-76
157            android:exported="true"
157-->src\main\AndroidManifest.xml:101:13-36
158            android:launchMode="singleTask"
158-->src\main\AndroidManifest.xml:102:13-44
159            android:screenOrientation="portrait"
159-->src\main\AndroidManifest.xml:103:13-49
160            android:windowSoftInputMode="adjustResize" >
160-->src\main\AndroidManifest.xml:105:13-55
161            <intent-filter>
161-->src\main\AndroidManifest.xml:107:13-112:29
162                <action android:name="android.intent.action.MAIN" />
162-->src\main\AndroidManifest.xml:92:17-69
162-->src\main\AndroidManifest.xml:92:25-66
163                <action android:name="android.intent.action.SEARCH" />
163-->src\main\AndroidManifest.xml:109:17-71
163-->src\main\AndroidManifest.xml:109:25-68
164
165                <category android:name="android.intent.category.DEFAULT" />
165-->src\main\AndroidManifest.xml:111:17-76
165-->src\main\AndroidManifest.xml:111:27-73
166            </intent-filter>
167        </activity>
168        <activity
168-->src\main\AndroidManifest.xml:115:9-120:58
169            android:name="com.varagifoods.customer.activities.Login"
169-->src\main\AndroidManifest.xml:116:13-69
170            android:label=".activities.Login"
170-->src\main\AndroidManifest.xml:117:13-46
171            android:screenOrientation="portrait"
171-->src\main\AndroidManifest.xml:118:13-49
172            android:windowSoftInputMode="adjustResize" />
172-->src\main\AndroidManifest.xml:120:13-55
173        <activity
173-->src\main\AndroidManifest.xml:122:9-127:56
174            android:name="com.varagifoods.customer.activities.Signup"
174-->src\main\AndroidManifest.xml:123:13-70
175            android:label=".activities.Signup"
175-->src\main\AndroidManifest.xml:124:13-47
176            android:screenOrientation="portrait"
176-->src\main\AndroidManifest.xml:125:13-49
177            android:windowSoftInputMode="adjustResize" />
177-->src\main\AndroidManifest.xml:126:13-55
178        <activity android:name="com.varagifoods.customer.Maps.MapActivity" />
178-->src\main\AndroidManifest.xml:130:9-77
178-->src\main\AndroidManifest.xml:130:19-75
179        <activity android:name="com.varagifoods.customer.activities.Order_Tracking_Activity" />
179-->src\main\AndroidManifest.xml:132:9-96
179-->src\main\AndroidManifest.xml:132:19-93
180
181        <!-- Facebook Activity -->
182
183        <activity
183-->src\main\AndroidManifest.xml:136:9-139:48
184            android:name="com.facebook.FacebookActivity"
184-->src\main\AndroidManifest.xml:137:13-57
185            android:configChanges="keyboard|keyboardHidden|screenLayout|screenSize|orientation"
185-->src\main\AndroidManifest.xml:138:13-96
186            android:label="@string/app_name"
186-->src\main\AndroidManifest.xml:139:13-45
187            android:theme="@style/com_facebook_activity_theme" />
187-->[com.facebook.android:facebook-common:4.42.0] AndroidManifest.xml:32:13-63
188
189        <!-- Braintree Activity -->
190
191
192        <!--
193        <activity
194            android:name="com.braintreepayments.api.BraintreeBrowserSwitchActivity"
195            android:launchMode="singleTask">
196            <intent-filter>
197                <action android:name="android.intent.action.VIEW" />
198                <data android:scheme="${applicationId}.braintree" />
199
200                <category android:name="android.intent.category.DEFAULT" />
201                <category android:name="android.intent.category.BROWSABLE" />
202            </intent-filter>
203        </activity>
204        -->
205
206
207        <!-- Scheduled Notifications -->
208
209        <receiver
209-->src\main\AndroidManifest.xml:158:9-167:20
210            android:name="com.varagifoods.customer.receivers.AlarmReceiver"
210-->src\main\AndroidManifest.xml:159:13-76
211            android:enabled="false" >
211-->src\main\AndroidManifest.xml:160:13-36
212            <intent-filter>
212-->src\main\AndroidManifest.xml:161:13-166:29
213                <category android:name="android.intent.category.APP_MARKET" />
213-->src\main\AndroidManifest.xml:162:17-79
213-->src\main\AndroidManifest.xml:162:27-76
214
215                <action android:name="android.intent.action.BOOT_COMPLETED" />
215-->src\main\AndroidManifest.xml:164:17-79
215-->src\main\AndroidManifest.xml:164:25-76
216                <action android:name="android.media.action.DISPLAY_NOTIFICATION" />
216-->src\main\AndroidManifest.xml:165:17-84
216-->src\main\AndroidManifest.xml:165:25-81
217            </intent-filter>
218        </receiver>
219
220        <!-- Firebase Notifications -->
221
222        <service android:name="com.varagifoods.customer.services.MyFirebaseInstanceIDService" >
222-->src\main\AndroidManifest.xml:172:9-176:19
222-->src\main\AndroidManifest.xml:172:18-94
223            <intent-filter>
223-->src\main\AndroidManifest.xml:173:13-175:29
224                <action android:name="com.google.firebase.INSTANCE_ID_EVENT" />
224-->src\main\AndroidManifest.xml:174:17-80
224-->src\main\AndroidManifest.xml:174:25-77
225            </intent-filter>
226        </service>
227
228        <activity
228-->[com.braintreepayments.api:drop-in:3.7.1] AndroidManifest.xml:18:9-20:62
229            android:name="com.braintreepayments.api.threedsecure.ThreeDSecureWebViewActivity"
229-->[com.braintreepayments.api:drop-in:3.7.1] AndroidManifest.xml:19:13-94
230            android:theme="@style/bt_three_d_secure_theme" />
230-->[com.braintreepayments.api:drop-in:3.7.1] AndroidManifest.xml:20:13-59
231        <activity
231-->[com.braintreepayments.api:drop-in:3.7.1] AndroidManifest.xml:21:9-23:64
232            android:name="com.braintreepayments.api.dropin.DropInActivity"
232-->[com.braintreepayments.api:drop-in:3.7.1] AndroidManifest.xml:22:13-75
233            android:theme="@style/bt_drop_in_activity_theme" />
233-->[com.braintreepayments.api:drop-in:3.7.1] AndroidManifest.xml:23:13-61
234        <activity
234-->[com.braintreepayments.api:drop-in:3.7.1] AndroidManifest.xml:24:9-26:65
235            android:name="com.braintreepayments.api.dropin.AddCardActivity"
235-->[com.braintreepayments.api:drop-in:3.7.1] AndroidManifest.xml:25:13-76
236            android:theme="@style/bt_add_card_activity_theme" />
236-->[com.braintreepayments.api:drop-in:3.7.1] AndroidManifest.xml:26:13-62
237        <activity
237-->[com.braintreepayments.api:drop-in:3.7.1] AndroidManifest.xml:27:9-29:70
238            android:name="com.braintreepayments.api.dropin.VaultManagerActivity"
238-->[com.braintreepayments.api:drop-in:3.7.1] AndroidManifest.xml:28:13-81
239            android:theme="@style/bt_vault_manager_activity_theme" />
239-->[com.braintreepayments.api:drop-in:3.7.1] AndroidManifest.xml:29:13-67
240        <activity
240-->[com.payumoney.sdkui:plug-n-play:1.6.0] AndroidManifest.xml:19:9-24:55
241            android:name="com.payumoney.sdkui.ui.activities.PayUmoneyActivity"
241-->[com.payumoney.sdkui:plug-n-play:1.6.0] AndroidManifest.xml:20:13-79
242            android:label="@string/title_activity_citrus"
242-->[com.payumoney.sdkui:plug-n-play:1.6.0] AndroidManifest.xml:21:13-58
243            android:screenOrientation="portrait"
243-->[com.payumoney.sdkui:plug-n-play:1.6.0] AndroidManifest.xml:22:13-49
244            android:theme="@style/PayumoneyAppTheme"
244-->[com.payumoney.sdkui:plug-n-play:1.6.0] AndroidManifest.xml:23:13-53
245            android:windowSoftInputMode="adjustPan" />
245-->[com.payumoney.sdkui:plug-n-play:1.6.0] AndroidManifest.xml:24:13-52
246        <activity
246-->[com.payumoney.sdkui:plug-n-play:1.6.0] AndroidManifest.xml:25:9-28:56
247            android:name="com.payumoney.sdkui.ui.activities.ReviewOrderActivity"
247-->[com.payumoney.sdkui:plug-n-play:1.6.0] AndroidManifest.xml:26:13-81
248            android:screenOrientation="portrait"
248-->[com.payumoney.sdkui:plug-n-play:1.6.0] AndroidManifest.xml:27:13-49
249            android:theme="@style/PayumoneyAppTheme" />
249-->[com.payumoney.sdkui:plug-n-play:1.6.0] AndroidManifest.xml:28:13-53
250        <activity
250-->[com.payumoney.core:payumoney-sdk:7.6.0] AndroidManifest.xml:31:9-34:72
251            android:name="com.payumoney.core.SdkWebViewActivityNew"
251-->[com.payumoney.core:payumoney-sdk:7.6.0] AndroidManifest.xml:32:13-68
252            android:screenOrientation="portrait"
252-->[com.payumoney.core:payumoney-sdk:7.6.0] AndroidManifest.xml:33:13-49
253            android:theme="@style/Theme.AppCompat.Light.NoActionBar" />
253-->[com.payumoney.core:payumoney-sdk:7.6.0] AndroidManifest.xml:34:13-69
254        <activity
254-->[com.payumoney.core:payumoney-sdk:7.6.0] AndroidManifest.xml:35:9-40:59
255            android:name="com.payu.custombrowser.CBActivity"
255-->[com.payumoney.core:payumoney-sdk:7.6.0] AndroidManifest.xml:36:13-61
256            android:screenOrientation="portrait"
256-->[com.payumoney.core:payumoney-sdk:7.6.0] AndroidManifest.xml:37:13-49
257            android:theme="@style/Theme.AppCompat"
257-->[com.payumoney.core:payumoney-sdk:7.6.0] AndroidManifest.xml:38:13-51
258            android:windowSoftInputMode="stateAlwaysHidden" />
258-->[com.payumoney.core:payumoney-sdk:7.6.0] AndroidManifest.xml:39:13-60
259        <activity android:name="instamojo.library.Instamojo" >
259-->[ai.devsupport.instamojo:instamojolib:0.1.6] AndroidManifest.xml:14:9-15:20
259-->[ai.devsupport.instamojo:instamojolib:0.1.6] AndroidManifest.xml:14:19-61
260        </activity> <!-- Autocomplete -->
261        <activity
261-->[com.google.android.libraries.places:places:1.1.0] AndroidManifest.xml:16:9-23:20
262            android:name="com.google.android.libraries.places.widget.AutocompleteActivity"
262-->[com.google.android.libraries.places:places:1.1.0] AndroidManifest.xml:17:13-91
263            android:exported="false"
263-->[com.google.android.libraries.places:places:1.1.0] AndroidManifest.xml:18:13-37
264            android:hardwareAccelerated="true"
264-->[com.google.android.libraries.places:places:1.1.0] AndroidManifest.xml:19:13-47
265            android:label="@string/places_autocomplete_label"
265-->[com.google.android.libraries.places:places:1.1.0] AndroidManifest.xml:20:13-62
266            android:theme="@style/PlacesAutocompleteThemeOverlay"
266-->[com.google.android.libraries.places:places:1.1.0] AndroidManifest.xml:21:13-66
267            android:windowSoftInputMode="stateAlwaysVisible|adjustPan" >
267-->[com.google.android.libraries.places:places:1.1.0] AndroidManifest.xml:22:13-71
268        </activity>
269        <activity
269-->[com.instamojo:android-sdk:1.2.6] AndroidManifest.xml:15:9-26:20
270            android:name="com.instamojo.android.activities.PaymentDetailsActivity"
270-->[com.instamojo:android-sdk:1.2.6] AndroidManifest.xml:16:13-83
271            android:screenOrientation="portrait"
271-->[com.instamojo:android-sdk:1.2.6] AndroidManifest.xml:17:13-49
272            android:theme="@style/SdkTheme" >
272-->[com.instamojo:android-sdk:1.2.6] AndroidManifest.xml:18:13-44
273            <meta-data
273-->[com.instamojo:android-sdk:1.2.6] AndroidManifest.xml:19:13-21:54
274                android:name="android.app.searchable"
274-->[com.instamojo:android-sdk:1.2.6] AndroidManifest.xml:20:17-54
275                android:resource="@xml/searchable" />
275-->[com.instamojo:android-sdk:1.2.6] AndroidManifest.xml:21:17-51
276
277            <intent-filter>
277-->[com.instamojo:android-sdk:1.2.6] AndroidManifest.xml:23:13-25:29
278                <action android:name="android.intent.action.SEARCH" />
278-->src\main\AndroidManifest.xml:109:17-71
278-->src\main\AndroidManifest.xml:109:25-68
279            </intent-filter>
280        </activity>
281        <activity
281-->[com.instamojo:android-sdk:1.2.6] AndroidManifest.xml:27:9-33:58
282            android:name="com.instamojo.android.activities.PaymentActivity"
282-->[com.instamojo:android-sdk:1.2.6] AndroidManifest.xml:28:13-76
283            android:hardwareAccelerated="true"
283-->[com.instamojo:android-sdk:1.2.6] AndroidManifest.xml:29:13-47
284            android:label="Payment"
284-->[com.instamojo:android-sdk:1.2.6] AndroidManifest.xml:30:13-36
285            android:screenOrientation="portrait"
285-->[com.instamojo:android-sdk:1.2.6] AndroidManifest.xml:31:13-49
286            android:theme="@style/SdkTheme"
286-->[com.instamojo:android-sdk:1.2.6] AndroidManifest.xml:32:13-44
287            android:windowSoftInputMode="adjustResize" />
287-->[com.instamojo:android-sdk:1.2.6] AndroidManifest.xml:33:13-55
288        <activity android:name="com.facebook.CustomTabMainActivity" />
288-->[com.facebook.android:facebook-common:4.42.0] AndroidManifest.xml:33:9-71
288-->[com.facebook.android:facebook-common:4.42.0] AndroidManifest.xml:33:19-68
289        <activity android:name="com.facebook.CustomTabActivity" />
289-->[com.facebook.android:facebook-common:4.42.0] AndroidManifest.xml:34:9-67
289-->[com.facebook.android:facebook-common:4.42.0] AndroidManifest.xml:34:19-64
290
291        <service android:name="com.payu.custombrowser.services.SnoozeService" />
291-->[com.payu.custombrowser:payu-custom-browser:7.5.1] AndroidManifest.xml:23:9-81
291-->[com.payu.custombrowser:payu-custom-browser:7.5.1] AndroidManifest.xml:23:18-78
292
293        <activity android:name="com.payu.custombrowser.PreLollipopPaymentsActivity" >
293-->[com.payu.custombrowser:payu-custom-browser:7.5.1] AndroidManifest.xml:25:9-42:20
293-->[com.payu.custombrowser:payu-custom-browser:7.5.1] AndroidManifest.xml:25:19-84
294            <intent-filter>
294-->[com.payu.custombrowser:payu-custom-browser:7.5.1] AndroidManifest.xml:26:13-33:29
295                <data android:scheme="com.varagifoods.customer.success" />
295-->[com.payu.custombrowser:payu-custom-browser:7.5.1] AndroidManifest.xml:27:17-67
295-->[com.payu.custombrowser:payu-custom-browser:7.5.1] AndroidManifest.xml:27:23-64
296
297                <action android:name="android.intent.action.VIEW" />
297-->[com.payu.custombrowser:payu-custom-browser:7.5.1] AndroidManifest.xml:29:17-69
297-->[com.payu.custombrowser:payu-custom-browser:7.5.1] AndroidManifest.xml:29:25-66
298
299                <category android:name="android.intent.category.DEFAULT" />
299-->src\main\AndroidManifest.xml:111:17-76
299-->src\main\AndroidManifest.xml:111:27-73
300                <category android:name="android.intent.category.BROWSABLE" />
300-->[com.payu.custombrowser:payu-custom-browser:7.5.1] AndroidManifest.xml:32:17-78
300-->[com.payu.custombrowser:payu-custom-browser:7.5.1] AndroidManifest.xml:32:27-75
301            </intent-filter>
302            <intent-filter>